[2022-03-21T20:44:44.794] [ERROR] default - Ruta /api/asdasdasd inexistente
[2022-03-21T20:45:13.912] [WARN] default - Ruta /api/asdasdasd inexistente
[2022-04-01T16:48:07.090] [WARN] default - Ruta /socket.io/socket.io.js inexistente
[2022-04-01T16:48:07.096] [WARN] default - Ruta /server.js inexistente
[2022-04-01T16:50:21.607] [WARN] default - Ruta /socket.io/socket.io.js inexistente
[2022-04-01T16:50:22.043] [WARN] default - Ruta /server.js inexistente
[2022-04-01T16:50:25.303] [WARN] default - Ruta /favicon.ico inexistente
[2022-04-01T16:53:19.934] [WARN] default - Ruta /server.js inexistente
[2022-04-01T16:53:20.056] [WARN] default - Ruta /favicon.ico inexistente
[2022-04-01T16:53:23.123] [WARN] default - Ruta /server.js inexistente
[2022-04-01T16:53:23.244] [WARN] default - Ruta /favicon.ico inexistente
[2022-04-01T16:55:55.291] [WARN] default - Ruta /server.js inexistente
[2022-04-01T16:55:55.413] [WARN] default - Ruta /favicon.ico inexistente
[2022-04-01T16:55:57.888] [WARN] default - Ruta /server.js inexistente
[2022-04-01T17:05:17.194] [WARN] default - Ruta /server.js inexistente
[2022-04-01T17:16:33.110] [WARN] default - Ruta /server.js inexistente
[2022-04-01T17:16:33.117] [WARN] default - Ruta /socket.io/socket.io.js inexistente
[2022-04-01T17:16:35.418] [WARN] default - Ruta /favicon.ico inexistente
[2022-04-01T17:19:04.498] [WARN] default - Ruta /socket.io/socket.io.js inexistente
[2022-04-01T17:19:04.773] [WARN] default - Ruta /server.js inexistente
[2022-04-01T17:27:27.324] [WARN] default - Ruta /favicon.ico inexistente
[2022-04-01T17:29:03.298] [WARN] default - Ruta /favicon.ico inexistente
[2022-04-01T17:29:34.030] [WARN] default - Ruta /favicon.ico inexistente
[2022-04-01T17:31:00.185] [WARN] default - Ruta /favicon.ico inexistente
[2022-04-01T17:33:10.162] [WARN] default - Ruta /favicon.ico inexistente
[2022-04-01T17:37:52.212] [WARN] default - Ruta /server.js inexistente
[2022-04-01T17:37:52.338] [WARN] default - Ruta /favicon.ico inexistente
[2022-04-01T17:37:54.615] [WARN] default - Ruta /server.js inexistente
[2022-04-01T18:03:45.945] [WARN] default - Ruta /server.js inexistente
[2022-04-01T18:15:15.865] [WARN] default - Ruta /server.js inexistente
[2022-04-01T18:40:06.917] [WARN] default - Ruta /server.js inexistente
[2022-04-01T18:42:18.077] [WARN] default - Ruta /favicon.ico inexistente
[2022-04-01T18:42:18.465] [WARN] default - Ruta /server.js inexistente
[2022-04-01T18:43:07.698] [WARN] default - Ruta /favicon.ico inexistente
[2022-04-01T18:46:02.303] [WARN] default - Ruta /server.js inexistente
[2022-04-01T18:47:00.729] [WARN] default - Ruta /server.js inexistente
[2022-04-01T18:49:16.429] [WARN] default - Ruta /server.js inexistente
[2022-04-01T18:51:33.330] [WARN] default - Ruta /server.js inexistente
[2022-04-01T18:52:53.447] [WARN] default - Ruta /favicon.ico inexistente
[2022-04-01T18:53:50.442] [WARN] default - Ruta /server.js inexistente
[2022-04-01T18:53:50.595] [WARN] default - Ruta /favicon.ico inexistente
[2022-04-01T18:54:28.350] [WARN] default - Ruta /server.js inexistente
[2022-04-01T18:57:52.267] [WARN] default - Ruta /server.js inexistente
[2022-04-01T19:12:54.881] [WARN] default - Ruta /server.js inexistente
[2022-04-01T19:17:10.960] [WARN] default - Ruta /server.js inexistente
[2022-04-01T19:17:33.565] [WARN] default - Ruta /server.js inexistente
[2022-04-01T20:50:44.546] [WARN] default - Ruta / inexistente
[2022-04-01T20:50:44.681] [WARN] default - Ruta /favicon.ico inexistente
[2022-04-01T20:50:49.845] [WARN] default - Ruta /socket.io/socket.io.js inexistente
[2022-04-01T20:50:49.849] [WARN] default - Ruta /server.js inexistente
[2022-04-01T20:51:00.844] [WARN] default - Ruta /server.js inexistente
[2022-04-01T20:57:01.096] [WARN] default - Ruta /server.js inexistente
[2022-04-01T20:57:49.267] [WARN] default - Ruta /server.js inexistente
[2022-04-01T20:57:50.625] [WARN] default - Ruta /server.js inexistente
[2022-04-01T21:02:55.827] [WARN] default - Ruta /server.js inexistente
[2022-04-01T21:06:19.194] [WARN] default - Ruta /server.js inexistente
[2022-04-01T21:06:40.706] [WARN] default - Ruta /server.js inexistente
[2022-04-01T21:08:32.801] [WARN] default - Ruta /server.js inexistente
[2022-04-01T21:08:58.280] [WARN] default - Ruta /server.js inexistente
[2022-04-01T21:09:59.730] [WARN] default - Ruta /server.js inexistente
[2022-04-01T21:10:26.373] [WARN] default - Ruta /server.js inexistente
[2022-04-01T21:10:31.021] [WARN] default - Ruta /socket.io/socket.io.js inexistente
[2022-04-01T21:10:31.315] [WARN] default - Ruta /server.js inexistente
[2022-04-01T21:13:53.429] [WARN] default - Ruta /server.js inexistente
[2022-04-01T21:13:56.571] [WARN] default - Ruta /socket.io/socket.io.js inexistente
[2022-04-01T21:13:56.573] [WARN] default - Ruta /server.js inexistente
[2022-04-01T21:14:13.684] [WARN] default - Ruta /server.js inexistente
[2022-04-01T21:15:14.491] [WARN] default - Ruta /server.js inexistente
[2022-04-01T21:16:03.946] [WARN] default - Ruta /server.js inexistente
[2022-04-01T21:16:18.504] [WARN] default - Ruta /server.js inexistente
[2022-04-01T21:16:37.990] [WARN] default - Ruta /server.js inexistente
[2022-04-01T21:19:49.126] [WARN] default - Ruta /server.js inexistente
[2022-04-01T21:20:14.060] [WARN] default - Ruta /socket.io/socket.io.js inexistente
[2022-04-01T21:20:14.325] [WARN] default - Ruta /server.js inexistente
[2022-04-01T21:24:19.352] [WARN] default - Ruta /server.js inexistente
[2022-04-01T21:24:19.470] [WARN] default - Ruta /favicon.ico inexistente
[2022-04-01T21:24:42.176] [WARN] default - Ruta /server.js inexistente
[2022-04-01T21:24:42.289] [WARN] default - Ruta /favicon.ico inexistente
[2022-04-01T21:24:45.032] [WARN] default - Ruta /socket.io/socket.io.js inexistente
[2022-04-01T21:24:45.034] [WARN] default - Ruta /server.js inexistente
[2022-04-01T21:25:07.291] [WARN] default - Ruta /socket.io/socket.io.js inexistente
[2022-04-01T21:25:07.293] [WARN] default - Ruta /server.js inexistente
[2022-04-01T21:25:18.136] [WARN] default - Ruta /socket.io/socket.io.js inexistente
[2022-04-01T21:25:18.159] [WARN] default - Ruta /server.js inexistente
[2022-04-01T21:25:59.652] [WARN] default - Ruta /socket.io/socket.io.js inexistente
[2022-04-01T21:25:59.656] [WARN] default - Ruta /server.js inexistente
[2022-04-01T21:26:02.236] [WARN] default - Ruta /favicon.ico inexistente
[2022-04-01T21:26:03.448] [WARN] default - Ruta /server.js inexistente
[2022-04-01T21:26:07.915] [WARN] default - Ruta /server.js inexistente
[2022-04-01T21:26:10.299] [WARN] default - Ruta /socket.io/socket.io.js inexistente
[2022-04-01T21:26:10.309] [WARN] default - Ruta /server.js inexistente
[2022-04-01T21:26:18.467] [WARN] default - Ruta /server.js inexistente
[2022-04-01T21:26:21.568] [WARN] default - Ruta /server.js inexistente
[2022-04-01T21:26:24.626] [WARN] default - Ruta /socket.io/socket.io.js inexistente
[2022-04-01T21:26:24.911] [WARN] default - Ruta /server.js inexistente
[2022-04-03T00:25:30.128] [WARN] default - Ruta /socket.io/socket.io.js inexistente
[2022-04-03T00:25:30.136] [WARN] default - Ruta /server.js inexistente
[2022-04-03T00:25:36.583] [WARN] default - Ruta /server.js inexistente
[2022-04-03T00:25:45.388] [WARN] default - Ruta /server.js inexistente
[2022-04-03T00:27:57.173] [WARN] default - Ruta /server.js inexistente
[2022-04-03T00:29:38.942] [WARN] default - Ruta /server.js inexistente
[2022-04-03T00:30:43.466] [WARN] default - Ruta /server.js inexistente
[2022-04-03T00:31:00.698] [WARN] default - Ruta /server.js inexistente
[2022-04-03T00:31:01.005] [WARN] default - Ruta /socket.io/socket.io.js inexistente
[2022-04-03T00:31:12.392] [WARN] default - Ruta /server.js inexistente
[2022-04-03T00:31:16.093] [WARN] default - Ruta /server.js inexistente
[2022-04-03T00:31:16.209] [WARN] default - Ruta /favicon.ico inexistente
[2022-04-03T00:42:58.637] [WARN] default - Ruta /server.js inexistente
[2022-04-03T00:43:03.981] [WARN] default - Ruta /server.js inexistente
[2022-04-03T00:43:08.309] [WARN] default - Ruta /server.js inexistente
[2022-04-03T00:45:36.349] [WARN] default - Ruta /socket.io/socket.io.js inexistente
[2022-04-03T00:45:37.233] [WARN] default - Ruta /server.js inexistente
[2022-04-03T00:49:51.731] [WARN] default - Ruta /server.js inexistente
[2022-04-03T00:49:55.377] [WARN] default - Ruta /server.js inexistente
[2022-04-03T00:49:59.196] [WARN] default - Ruta /socket.io/socket.io.js inexistente
[2022-04-03T00:49:59.206] [WARN] default - Ruta /server.js inexistente
[2022-04-03T00:53:15.485] [WARN] default - Ruta /server.js inexistente
[2022-04-03T00:53:15.803] [WARN] default - Ruta /favicon.ico inexistente
[2022-04-03T00:53:18.769] [WARN] default - Ruta /socket.io/socket.io.js inexistente
[2022-04-03T00:53:19.073] [WARN] default - Ruta /server.js inexistente
[2022-04-03T00:59:08.678] [WARN] default - Ruta /server.js inexistente
[2022-04-03T00:59:13.159] [WARN] default - Ruta /server.js inexistente
[2022-04-03T00:59:13.314] [WARN] default - Ruta /favicon.ico inexistente
[2022-04-03T01:18:20.414] [WARN] default - Ruta /server.js inexistente
[2022-04-03T01:20:39.711] [WARN] default - Ruta /server.js inexistente
[2022-04-03T01:20:39.837] [WARN] default - Ruta /favicon.ico inexistente
[2022-04-03T01:21:52.080] [WARN] default - Ruta /server.js inexistente
[2022-04-03T01:27:19.534] [WARN] default - Ruta /api/loin inexistente
[2022-04-03T01:27:19.662] [WARN] default - Ruta /favicon.ico inexistente
[2022-04-03T01:27:22.915] [WARN] default - Ruta /server.js inexistente
[2022-04-03T01:27:23.038] [WARN] default - Ruta /favicon.ico inexistente
[2022-04-03T01:27:28.555] [WARN] default - Ruta /server.js inexistente
[2022-04-03T01:27:48.369] [WARN] default - Ruta /server.js inexistente
[2022-04-03T01:27:58.056] [WARN] default - Ruta /server.js inexistente
[2022-04-03T01:37:30.453] [WARN] default - Ruta /server.js inexistente
[2022-04-03T01:37:33.934] [WARN] default - Ruta /server.js inexistente
[2022-04-03T01:37:34.177] [WARN] default - Ruta /favicon.ico inexistente
[2022-04-03T01:37:36.702] [WARN] default - Ruta /server.js inexistente
[2022-04-03T01:38:03.978] [WARN] default - Ruta /socket.io/socket.io.js inexistente
[2022-04-03T01:38:03.982] [WARN] default - Ruta /server.js inexistente
[2022-04-03T01:38:42.558] [WARN] default - Ruta /server.js inexistente
[2022-04-03T01:38:42.682] [WARN] default - Ruta /favicon.ico inexistente
[2022-04-03T01:39:33.126] [WARN] default - Ruta /server.js inexistente
[2022-04-03T01:39:37.737] [WARN] default - Ruta /socket.io/socket.io.js inexistente
[2022-04-03T01:39:37.750] [WARN] default - Ruta /server.js inexistente
[2022-04-03T01:39:56.640] [WARN] default - Ruta /server.js inexistente
[2022-04-03T01:40:00.636] [WARN] default - Ruta /server.js inexistente
[2022-04-03T01:40:04.355] [WARN] default - Ruta /socket.io/socket.io.js inexistente
[2022-04-03T01:40:04.360] [WARN] default - Ruta /server.js inexistente
[2022-04-03T01:40:13.502] [WARN] default - Ruta /server.js inexistente
[2022-04-03T01:40:17.048] [WARN] default - Ruta /server.js inexistente
[2022-04-03T01:40:22.394] [WARN] default - Ruta /socket.io/socket.io.js inexistente
[2022-04-03T01:40:22.401] [WARN] default - Ruta /server.js inexistente
[2022-04-03T01:44:46.760] [WARN] default - Ruta /server.js inexistente
[2022-04-03T01:44:49.495] [WARN] default - Ruta /server.js inexistente
[2022-04-03T01:45:22.893] [WARN] default - Ruta /server.js inexistente
[2022-04-03T01:45:54.775] [WARN] default - Ruta /server.js inexistente
[2022-04-03T01:45:57.781] [WARN] default - Ruta /server.js inexistente
[2022-04-03T01:45:57.789] [WARN] default - Ruta /socket.io/socket.io.js inexistente
[2022-04-03T01:47:29.347] [WARN] default - Ruta /server.js inexistente
[2022-04-03T01:47:37.918] [WARN] default - Ruta /server.js inexistente
[2022-04-03T01:48:30.140] [WARN] default - Ruta /server.js inexistente
[2022-04-03T01:48:30.269] [WARN] default - Ruta /favicon.ico inexistente
[2022-04-03T01:48:33.938] [WARN] default - Ruta /socket.io/socket.io.js inexistente
[2022-04-03T01:48:33.942] [WARN] default - Ruta /server.js inexistente
[2022-04-03T01:48:50.103] [WARN] default - Ruta /server.js inexistente
[2022-04-03T01:48:50.110] [WARN] default - Ruta /socket.io/socket.io.js inexistente
[2022-04-03T01:51:46.407] [WARN] default - Ruta /server.js inexistente
[2022-04-03T01:51:46.600] [WARN] default - Ruta /favicon.ico inexistente
[2022-04-03T01:51:51.199] [WARN] default - Ruta /server.js inexistente
[2022-04-03T01:51:56.165] [WARN] default - Ruta /socket.io/socket.io.js inexistente
[2022-04-03T01:51:56.172] [WARN] default - Ruta /server.js inexistente
[2022-04-03T01:53:39.435] [WARN] default - Ruta /server.js inexistente
[2022-04-03T01:53:39.573] [WARN] default - Ruta /favicon.ico inexistente
[2022-04-03T01:53:43.291] [WARN] default - Ruta /server.js inexistente
[2022-04-03T01:53:43.420] [WARN] default - Ruta /favicon.ico inexistente
[2022-04-03T01:55:31.109] [WARN] default - Ruta /server.js inexistente
[2022-04-03T01:55:31.239] [WARN] default - Ruta /favicon.ico inexistente
[2022-04-03T01:59:41.005] [WARN] default - Ruta /server.js inexistente
[2022-04-03T01:59:41.134] [WARN] default - Ruta /favicon.ico inexistente
[2022-04-03T01:59:43.995] [WARN] default - Ruta /socket.io/socket.io.js inexistente
[2022-04-03T01:59:44.001] [WARN] default - Ruta /server.js inexistente
[2022-04-03T02:00:12.045] [WARN] default - Ruta /server.js inexistente
[2022-04-03T12:02:02.071] [WARN] default - Ruta /server.js inexistente
[2022-04-03T12:02:10.839] [WARN] default - Ruta /server.js inexistente
[2022-04-03T12:02:13.542] [WARN] default - Ruta /server.js inexistente
[2022-04-03T12:03:13.674] [WARN] default - Ruta /socket.io/socket.io.js inexistente
[2022-04-03T12:03:14.119] [WARN] default - Ruta /server.js inexistente
[2022-04-03T12:03:16.314] [WARN] default - Ruta /favicon.ico inexistente
[2022-04-03T12:10:57.193] [WARN] default - Ruta /server.js inexistente
[2022-04-03T12:11:02.181] [WARN] default - Ruta /socket.io/socket.io.js inexistente
[2022-04-03T12:11:02.487] [WARN] default - Ruta /server.js inexistente
[2022-04-03T12:12:03.129] [WARN] default - Ruta /server.js inexistente
[2022-04-03T12:12:03.248] [WARN] default - Ruta /favicon.ico inexistente
[2022-04-03T12:12:06.713] [WARN] default - Ruta /server.js inexistente
[2022-04-03T12:13:32.432] [WARN] default - Ruta /server.js inexistente
[2022-04-03T12:13:32.435] [WARN] default - Ruta /socket.io/socket.io.js inexistente
[2022-04-03T15:34:21.172] [WARN] default - Ruta /server.js inexistente
[2022-04-03T15:34:30.256] [WARN] default - Ruta /server.js inexistente
[2022-04-03T15:34:37.345] [WARN] default - Ruta /socket.io/socket.io.js inexistente
[2022-04-03T15:34:37.354] [WARN] default - Ruta /server.js inexistente
[2022-04-03T15:34:39.872] [WARN] default - Ruta /favicon.ico inexistente
[2022-04-03T15:36:10.935] [WARN] default - Ruta /server.js inexistente
[2022-04-03T15:36:11.080] [WARN] default - Ruta /favicon.ico inexistente
[2022-04-03T15:36:13.708] [WARN] default - Ruta /server.js inexistente
[2022-04-03T15:36:19.357] [WARN] default - Ruta /socket.io/socket.io.js inexistente
[2022-04-03T15:36:19.367] [WARN] default - Ruta /server.js inexistente
[2022-04-03T15:36:48.931] [WARN] default - Ruta /server.js inexistente
[2022-04-03T15:36:52.055] [WARN] default - Ruta /api/register inexistente
[2022-04-03T15:36:55.472] [WARN] default - Ruta /server.js inexistente
[2022-04-03T15:37:44.199] [WARN] default - Ruta /server.js inexistente
[2022-04-03T15:37:44.336] [WARN] default - Ruta /favicon.ico inexistente
[2022-04-03T15:38:29.698] [WARN] default - Ruta /server.js inexistente
[2022-04-03T15:38:33.289] [WARN] default - Ruta /api/registro/login inexistente
[2022-04-03T15:39:19.633] [WARN] default - Ruta /api/registro/login inexistente
[2022-04-03T15:39:43.842] [WARN] default - Ruta /server.js inexistente
[2022-04-03T15:39:43.967] [WARN] default - Ruta /favicon.ico inexistente
[2022-04-03T15:39:51.857] [WARN] default - Ruta /api/registro/api/login inexistente
[2022-04-03T15:41:10.573] [WARN] default - Ruta /login inexistente
[2022-04-03T15:41:51.718] [WARN] default - Ruta /server.js inexistente
[2022-04-03T15:45:49.151] [WARN] default - Ruta /server.js inexistente
[2022-04-03T15:45:54.552] [WARN] default - Ruta /server.js inexistente
[2022-04-03T15:47:32.906] [WARN] default - Ruta /server.js inexistente
[2022-04-03T15:47:41.292] [WARN] default - Ruta /server.js inexistente
[2022-04-03T15:48:36.784] [WARN] default - Ruta /server.js inexistente
[2022-04-03T15:48:42.983] [WARN] default - Ruta /server.js inexistente
[2022-04-03T15:49:11.038] [WARN] default - Ruta /server.js inexistente
[2022-04-03T15:49:19.192] [WARN] default - Ruta /server.js inexistente
[2022-04-03T15:51:09.119] [WARN] default - Ruta /server.js inexistente
[2022-04-03T15:51:17.970] [WARN] default - Ruta /server.js inexistente
[2022-04-03T15:52:18.158] [WARN] default - Ruta /server.js inexistente
[2022-04-03T15:53:36.249] [WARN] default - Ruta /server.js inexistente
[2022-04-03T15:53:47.790] [WARN] default - Ruta /server.js inexistente
[2022-04-03T22:53:40.277] [WARN] default - Ruta /server.js inexistente
[2022-04-03T22:53:47.411] [WARN] default - Ruta /server.js inexistente
[2022-04-03T23:02:28.074] [WARN] default - Ruta /server.js inexistente
[2022-04-03T23:02:34.999] [WARN] default - Ruta /server.js inexistente
[2022-04-03T23:03:58.272] [WARN] default - Ruta /server.js inexistente
[2022-04-03T23:03:58.587] [WARN] default - Ruta /favicon.ico inexistente
[2022-04-03T23:04:06.995] [WARN] default - Ruta /server.js inexistente
[2022-04-04T00:07:15.029] [WARN] default - Ruta /server.js inexistente
[2022-04-04T00:07:26.325] [WARN] default - Ruta /server.js inexistente
[2022-04-04T00:15:25.265] [WARN] default - Ruta /server.js inexistente
[2022-04-04T00:15:36.774] [WARN] default - Ruta /server.js inexistente
[2022-04-04T00:17:50.594] [WARN] default - Ruta /server.js inexistente
[2022-04-04T00:18:01.093] [WARN] default - Ruta /server.js inexistente
[2022-04-04T00:19:57.098] [WARN] default - Ruta /server.js inexistente
[2022-04-04T00:20:08.702] [WARN] default - Ruta /server.js inexistente
[2022-04-04T00:21:36.242] [WARN] default - Ruta /server.js inexistente
[2022-04-04T00:21:47.982] [WARN] default - Ruta /server.js inexistente
[2022-04-04T00:23:52.005] [WARN] default - Ruta /server.js inexistente
[2022-04-04T00:24:03.315] [WARN] default - Ruta /server.js inexistente
[2022-04-04T00:36:49.286] [WARN] default - Ruta /server.js inexistente
[2022-04-04T00:37:00.178] [WARN] default - Ruta /server.js inexistente
[2022-04-04T00:37:05.091] [WARN] default - Ruta /server.js inexistente
[2022-04-04T00:37:05.186] [WARN] default - Ruta /socket.io/socket.io.js inexistente
[2022-04-04T00:39:39.675] [WARN] default - Ruta /server.js inexistente
[2022-04-04T00:39:39.812] [WARN] default - Ruta /favicon.ico inexistente
[2022-04-04T00:39:43.623] [WARN] default - Ruta /server.js inexistente
[2022-04-04T00:39:46.924] [WARN] default - Ruta /server.js inexistente
[2022-04-04T00:39:48.363] [WARN] default - Ruta /server.js inexistente
[2022-04-04T00:39:51.688] [WARN] default - Ruta /socket.io/socket.io.js inexistente
[2022-04-04T00:39:51.691] [WARN] default - Ruta /server.js inexistente
[2022-04-04T00:40:18.578] [WARN] default - Ruta /server.js inexistente
[2022-04-04T00:40:22.021] [WARN] default - Ruta /server.js inexistente
[2022-04-04T00:40:27.482] [WARN] default - Ruta /socket.io/socket.io.js inexistente
[2022-04-04T00:40:27.486] [WARN] default - Ruta /server.js inexistente
[2022-04-04T00:41:17.859] [WARN] default - Ruta /server.js inexistente
[2022-04-04T00:41:20.293] [WARN] default - Ruta /server.js inexistente
[2022-04-04T00:41:27.254] [WARN] default - Ruta /socket.io/socket.io.js inexistente
[2022-04-04T00:41:28.105] [WARN] default - Ruta /server.js inexistente
[2022-04-04T00:42:31.470] [WARN] default - Ruta /socket.io/socket.io.js inexistente
[2022-04-04T00:42:31.759] [WARN] default - Ruta /server.js inexistente
[2022-04-04T00:42:32.691] [WARN] default - Ruta /server.js inexistente
[2022-04-04T00:42:35.623] [WARN] default - Ruta /server.js inexistente
[2022-04-04T00:42:40.223] [WARN] default - Ruta /server.js inexistente
[2022-04-04T00:42:40.228] [WARN] default - Ruta /socket.io/socket.io.js inexistente
[2022-04-04T00:44:54.406] [WARN] default - Ruta /socket.io/socket.io.js inexistente
[2022-04-04T00:44:54.705] [WARN] default - Ruta /server.js inexistente
[2022-04-04T00:44:57.141] [WARN] default - Ruta /server.js inexistente
[2022-04-04T00:45:00.945] [WARN] default - Ruta /server.js inexistente
[2022-04-04T00:45:05.235] [WARN] default - Ruta /server.js inexistente
[2022-04-04T00:45:05.239] [WARN] default - Ruta /socket.io/socket.io.js inexistente
[2022-04-04T00:47:09.454] [WARN] default - Ruta /socket.io/socket.io.js inexistente
[2022-04-04T00:47:09.759] [WARN] default - Ruta /server.js inexistente
[2022-04-04T00:47:10.803] [WARN] default - Ruta /server.js inexistente
[2022-04-04T00:47:13.651] [WARN] default - Ruta /server.js inexistente
[2022-04-04T00:47:17.514] [WARN] default - Ruta /socket.io/socket.io.js inexistente
[2022-04-04T00:47:17.518] [WARN] default - Ruta /server.js inexistente
[2022-04-04T01:02:42.094] [WARN] default - Ruta /server.js inexistente
[2022-04-04T01:02:47.181] [WARN] default - Ruta /server.js inexistente
[2022-04-04T01:02:47.185] [WARN] default - Ruta /socket.io/socket.io.js inexistente
[2022-04-04T01:06:01.545] [WARN] default - Ruta /favicon.ico inexistente
[2022-04-04T01:09:25.268] [WARN] default - Ruta /favicon.ico inexistente
[2022-04-04T01:09:44.819] [WARN] default - Ruta /favicon.ico inexistente
[2022-04-04T01:10:10.756] [WARN] default - Ruta /favicon.ico inexistente
[2022-04-04T01:10:33.871] [WARN] default - Ruta /favicon.ico inexistente
[2022-04-04T01:13:34.459] [WARN] default - Ruta /server.js inexistente
[2022-04-04T01:13:40.735] [WARN] default - Ruta /socket.io/socket.io.js inexistente
[2022-04-04T01:13:40.848] [WARN] default - Ruta /server.js inexistente
[2022-04-04T01:15:37.813] [WARN] default - Ruta /server.js inexistente
[2022-04-04T01:15:37.902] [WARN] default - Ruta /socket.io/socket.io.js inexistente
[2022-04-04T01:25:18.463] [WARN] default - Ruta /api/LOGIN' inexistente
[2022-04-04T01:25:21.103] [WARN] default - Ruta /server.js inexistente
[2022-04-04T01:25:26.858] [WARN] default - Ruta /server.js inexistente
[2022-04-04T01:25:26.869] [WARN] default - Ruta /socket.io/socket.io.js inexistente
[2022-04-04T01:27:14.884] [WARN] default - Ruta /favicon.ico inexistente
[2022-04-04T01:27:52.123] [WARN] default - Ruta /favicon.ico inexistente
